<?xml version="1.0" encoding="UTF-8"?>
<testng-results skipped="0" failed="0" ignored="0" total="1" passed="1">
  <reporter-output>
  </reporter-output>
  <suite name="Default suite" duration-ms="127" started-at="2018-10-04T09:35:29Z" finished-at="2018-10-04T09:35:29Z">
    <groups>
    </groups>
    <test name="Default test" duration-ms="127" started-at="2018-10-04T09:35:29Z" finished-at="2018-10-04T09:35:29Z">
      <class name="com.crm.module.testcases.SampleTestcase">
        <test-method status="PASS" signature="login()[pri:0, instance:com.crm.module.testcases.SampleTestcase@4a87761d]" name="login" duration-ms="26" started-at="2018-10-04T09:35:29Z" finished-at="2018-10-04T09:35:29Z">
          <reporter-output>
          </reporter-output>
        </test-method> <!-- login -->
      </class> <!-- com.crm.module.testcases.SampleTestcase -->
    </test> <!-- Default test -->
  </suite> <!-- Default suite -->
</testng-results>
